[2025-08-13T13:05:05+00:00] To: test@example.com
Whoiz.me test
If you can read this, mail pipeline works.
Base URL: https://whoiz.local:8890

[2025-08-13T13:08:29+00:00] To: test@example.com
Whoiz.me test
If you can read this, mail pipeline works.
Base URL: https://whoiz.local:8890

[2025-08-13T13:08:34+00:00] To: test@example.com
Whoiz.me test
If you can read this, mail pipeline works.
Base URL: https://whoiz.local:8890

[2025-08-13T13:08:34+00:00] To: test@example.com
Whoiz.me test
If you can read this, mail pipeline works.
Base URL: https://whoiz.local:8890

[2025-08-13T13:08:34+00:00] To: test@example.com
Whoiz.me test
If you can read this, mail pipeline works.
Base URL: https://whoiz.local:8890

[2025-08-13T13:08:35+00:00] To: test@example.com
Whoiz.me test
If you can read this, mail pipeline works.
Base URL: https://whoiz.local:8890

[2025-08-13T13:11:08+00:00] To: osama.dawood@gmail.com
Reset your Whoiz.me password
Click the link to reset your password:

https://whoiz.local:8890/reset.php?token=017e610e69384cb37ee8534d5a494a6baad15f580c0a53de2960974d09bf4075

If you didn't request this, ignore.

[2025-08-13T14:39:35+00:00] To: osama.dawood@gmail.com
Reset your Whoiz.me password
Click the link to reset your password:

https://whoiz.local:8890/reset.php?token=0c5bcbe0e641a33740dd0539d43464edbf9b2db931e777d234b32ef2fcfcc188

If you didn't request this, ignore.

[2025-08-13T14:44:43+00:00] To: osama.dawood@gmail.com
Reset your Whoiz.me password
Click the link to reset your password:

https://whoiz.local:8890/reset.php?token=6b00f09bcfec0019eb4f203b42903ea5de6fcfa20f7fab917ebc448c9b3d0a39

If you didn't request this, ignore.

[2025-08-13T15:05:17+00:00] To: osama.dawood@gmail.com
Reset your Whoiz.me password
Click the link to reset your password:

https://whoiz.local:8890/reset.php?token=bf769cb5cea4d91613eff9550c57105392314a3f1e5e0e065728fb3ac2c39da5

If you didn't request this, ignore.

[2025-08-13T15:11:07+00:00] To: osama.dawood@gmail.com
Reset your Whoiz.me password
Click the link to reset your password:

https://whoiz.local:8890/reset.php?token=43a56f71611eac1f23177c901c1ed7fc64798fbbdfaff87b1aed394f727bebe3

If you didn't request this, ignore.

