[15-Aug-2025 10:07:24 UTC] PHP Fatal error:  Cannot redeclare current_user_id() (previously declared in /Users/osamadawood/Dropbox/My Work/Code/uilix/code/whoizme/includes/bootstrap.php:62) in /Users/osamadawood/Dropbox/My Work/Code/uilix/code/whoizme/includes/auth.php on line 7
[15-Aug-2025 10:08:09 UTC] PHP Fatal error:  Cannot redeclare current_user_id() (previously declared in /Users/osamadawood/Dropbox/My Work/Code/uilix/code/whoizme/includes/bootstrap.php:62) in /Users/osamadawood/Dropbox/My Work/Code/uilix/code/whoizme/includes/auth.php on line 7
[15-Aug-2025 10:11:50 UTC] PHP Warning:  require_once(/Users/osamadawood/Dropbox/My Work/Code/uilix/code/whoizme/public/../app/helpers.php): Failed to open stream: No such file or directory in /Users/osamadawood/Dropbox/My Work/Code/uilix/code/whoizme/public/login.php on line 4
[15-Aug-2025 10:11:50 UTC] PHP Fatal error:  Uncaught Error: Failed opening required '/Users/osamadawood/Dropbox/My Work/Code/uilix/code/whoizme/public/../app/helpers.php' (include_path='.:/Applications/MAMP/bin/php/php8.2.0/lib/php') in /Users/osamadawood/Dropbox/My Work/Code/uilix/code/whoizme/public/login.php:4
Stack trace:
#0 {main}
  thrown in /Users/osamadawood/Dropbox/My Work/Code/uilix/code/whoizme/public/login.php on line 4
[15-Aug-2025 10:13:30 UTC] PHP Warning:  require_once(/Users/osamadawood/Dropbox/My Work/Code/uilix/code/whoizme/public/../app/helpers.php): Failed to open stream: No such file or directory in /Users/osamadawood/Dropbox/My Work/Code/uilix/code/whoizme/public/login.php on line 4
[15-Aug-2025 10:13:30 UTC] PHP Fatal error:  Uncaught Error: Failed opening required '/Users/osamadawood/Dropbox/My Work/Code/uilix/code/whoizme/public/../app/helpers.php' (include_path='.:/Applications/MAMP/bin/php/php8.2.0/lib/php') in /Users/osamadawood/Dropbox/My Work/Code/uilix/code/whoizme/public/login.php:4
Stack trace:
#0 {main}
  thrown in /Users/osamadawood/Dropbox/My Work/Code/uilix/code/whoizme/public/login.php on line 4
[15-Aug-2025 10:14:14 UTC] PHP Notice:  session_start(): Ignoring session_start() because a session is already active in /Users/osamadawood/Dropbox/My Work/Code/uilix/code/whoizme/public/index.php on line 3
[15-Aug-2025 10:14:32 UTC] PHP Warning:  require_once(/Users/osamadawood/Dropbox/My Work/Code/uilix/code/whoizme/public/../app/helpers.php): Failed to open stream: No such file or directory in /Users/osamadawood/Dropbox/My Work/Code/uilix/code/whoizme/public/login.php on line 4
[15-Aug-2025 10:14:32 UTC] PHP Fatal error:  Uncaught Error: Failed opening required '/Users/osamadawood/Dropbox/My Work/Code/uilix/code/whoizme/public/../app/helpers.php' (include_path='.:/Applications/MAMP/bin/php/php8.2.0/lib/php') in /Users/osamadawood/Dropbox/My Work/Code/uilix/code/whoizme/public/login.php:4
Stack trace:
#0 {main}
  thrown in /Users/osamadawood/Dropbox/My Work/Code/uilix/code/whoizme/public/login.php on line 4
[15-Aug-2025 10:17:32 UTC] PHP Warning:  require_once(/Users/osamadawood/Dropbox/My Work/Code/uilix/code/whoizme/public/../app/helpers.php): Failed to open stream: No such file or directory in /Users/osamadawood/Dropbox/My Work/Code/uilix/code/whoizme/public/login.php on line 4
[15-Aug-2025 10:17:32 UTC] PHP Fatal error:  Uncaught Error: Failed opening required '/Users/osamadawood/Dropbox/My Work/Code/uilix/code/whoizme/public/../app/helpers.php' (include_path='.:/Applications/MAMP/bin/php/php8.2.0/lib/php') in /Users/osamadawood/Dropbox/My Work/Code/uilix/code/whoizme/public/login.php:4
Stack trace:
#0 {main}
  thrown in /Users/osamadawood/Dropbox/My Work/Code/uilix/code/whoizme/public/login.php on line 4
[15-Aug-2025 12:31:41 UTC] PHP Warning:  Undefined array key "name" in /Users/osamadawood/Dropbox/My Work/Code/uilix/code/whoizme/includes/db.php on line 32
[15-Aug-2025 12:31:47 UTC] PHP Notice:  session_start(): Ignoring session_start() because a session is already active in /Users/osamadawood/Dropbox/My Work/Code/uilix/code/whoizme/public/index.php on line 3
[15-Aug-2025 12:31:52 UTC] PHP Warning:  Undefined array key "name" in /Users/osamadawood/Dropbox/My Work/Code/uilix/code/whoizme/includes/db.php on line 32
[15-Aug-2025 12:32:27 UTC] PHP Warning:  Undefined array key "name" in /Users/osamadawood/Dropbox/My Work/Code/uilix/code/whoizme/includes/db.php on line 32
[15-Aug-2025 12:33:10 UTC] PHP Warning:  require_once(/Users/osamadawood/Dropbox/My Work/Code/uilix/code/whoizme/public/../../includes/bootstrap.php): Failed to open stream: No such file or directory in /Users/osamadawood/Dropbox/My Work/Code/uilix/code/whoizme/public/logout.php on line 3
[15-Aug-2025 12:33:10 UTC] PHP Fatal error:  Uncaught Error: Failed opening required '/Users/osamadawood/Dropbox/My Work/Code/uilix/code/whoizme/public/../../includes/bootstrap.php' (include_path='.:/Applications/MAMP/bin/php/php8.2.0/lib/php') in /Users/osamadawood/Dropbox/My Work/Code/uilix/code/whoizme/public/logout.php:3
Stack trace:
#0 {main}
  thrown in /Users/osamadawood/Dropbox/My Work/Code/uilix/code/whoizme/public/logout.php on line 3
[15-Aug-2025 12:33:14 UTC] PHP Notice:  session_start(): Ignoring session_start() because a session is already active in /Users/osamadawood/Dropbox/My Work/Code/uilix/code/whoizme/public/index.php on line 3
