{
    "time": "2025-08-13T15:05:00+00:00",
    "config_exists": "yes",
    "config_readable": "yes",
    "dev_from_config": "true",
    "boot_exception": "none"
}
{
    "time": "2025-08-13T15:05:17+00:00",
    "config_exists": "yes",
    "config_readable": "yes",
    "dev_from_config": "true",
    "boot_exception": "none"
}
{
    "time": "2025-08-13T15:07:24+00:00",
    "config_exists": "yes",
    "config_readable": "yes",
    "dev_from_config": "true",
    "boot_exception": "none"
}
{
    "time": "2025-08-13T15:11:05+00:00",
    "config_exists": "yes",
    "config_readable": "yes",
    "dev_from_config": "true",
    "boot_exception": "none"
}
{
    "time": "2025-08-13T15:11:07+00:00",
    "config_exists": "yes",
    "config_readable": "yes",
    "dev_from_config": "true",
    "boot_exception": "none"
}
{
    "time": "2025-08-13T15:17:48+00:00",
    "config_exists": "yes",
    "config_readable": "yes",
    "dev_from_config": "true",
    "boot_exception": "none"
}
